{"/Users/mweaver/code/custom-auth-key-generator/src/index.ts": {"path":"/Users/mweaver/code/custom-auth-key-generator/src/index.ts","statementMap":{"0":{"start":{"line":3,"column":0},"end":{"line":3,"column":28}},"1":{"start":{"line":4,"column":0},"end":{"line":4,"column":30}},"2":{"start":{"line":5,"column":0},"end":{"line":5,"column":24}},"3":{"start":{"line":6,"column":0},"end":{"line":6,"column":26}},"4":{"start":{"line":8,"column":0},"end":{"line":8,"column":52}},"5":{"start":{"line":9,"column":0},"end":{"line":9,"column":56}},"6":{"start":{"line":10,"column":0},"end":{"line":10,"column":44}},"7":{"start":{"line":16,"column":13},"end":{"line":19,"column":2}},"8":{"start":{"line":21,"column":0},"end":{"line":33,"column":null}},"9":{"start":{"line":23,"column":4},"end":{"line":23,"column":64}},"10":{"start":{"line":24,"column":17},"end":{"line":31,"column":16}},"11":{"start":{"line":32,"column":4},"end":{"line":32,"column":32}}},"fnMap":{},"branchMap":{"0":{"loc":{"start":{"line":21,"column":0},"end":{"line":33,"column":null}},"type":"if","locations":[{"start":{"line":21,"column":0},"end":{"line":33,"column":null}},{"start":{"line":21,"column":0},"end":{"line":33,"column":null}}]}},"s":{"0":1,"1":1,"2":1,"3":1,"4":1,"5":1,"6":1,"7":1,"8":1,"9":0,"10":0,"11":0},"f":{},"b":{"0":[0,1]}}
,"/Users/mweaver/code/custom-auth-key-generator/src/config/index.ts": {"path":"/Users/mweaver/code/custom-auth-key-generator/src/config/index.ts","statementMap":{"0":{"start":{"line":1,"column":0},"end":{"line":1,"column":17}},"1":{"start":{"line":5,"column":4},"end":{"line":1,"column":52}}},"fnMap":{"0":{"name":"(anonymous_0)","decl":{"start":{"line":5,"column":4},"end":{"line":5,"column":15}},"loc":{"start":{"line":5,"column":4},"end":{"line":1,"column":52}}}},"branchMap":{},"s":{"0":5,"1":14},"f":{"0":9},"b":{}}
,"/Users/mweaver/code/custom-auth-key-generator/src/config/parseConfig.ts": {"path":"/Users/mweaver/code/custom-auth-key-generator/src/config/parseConfig.ts","statementMap":{"0":{"start":{"line":1,"column":0},"end":{"line":1,"column":46}},"1":{"start":{"line":3,"column":0},"end":{"line":3,"column":40}},"2":{"start":{"line":4,"column":0},"end":{"line":4,"column":44}},"3":{"start":{"line":13,"column":20},"end":{"line":17,"column":14}},"4":{"start":{"line":14,"column":4},"end":{"line":17,"column":14}},"5":{"start":{"line":20,"column":27},"end":{"line":36,"column":1}},"6":{"start":{"line":21,"column":19},"end":{"line":25,"column":6}},"7":{"start":{"line":27,"column":19},"end":{"line":28,"column":null}},"8":{"start":{"line":31,"column":4},"end":{"line":35,"column":null}},"9":{"start":{"line":32,"column":8},"end":{"line":32,"column":22}},"10":{"start":{"line":34,"column":8},"end":{"line":34,"column":43}},"11":{"start":{"line":20,"column":13},"end":{"line":20,"column":27}}},"fnMap":{"0":{"name":"(anonymous_0)","decl":{"start":{"line":13,"column":20},"end":{"line":13,"column":21}},"loc":{"start":{"line":14,"column":4},"end":{"line":17,"column":14}}},"1":{"name":"(anonymous_1)","decl":{"start":{"line":20,"column":27},"end":{"line":20,"column":28}},"loc":{"start":{"line":20,"column":68},"end":{"line":36,"column":1}}}},"branchMap":{"0":{"loc":{"start":{"line":14,"column":53},"end":{"line":17,"column":6}},"type":"cond-expr","locations":[{"start":{"line":14,"column":53},"end":{"line":17,"column":6}},{"start":{"line":17,"column":8},"end":{"line":17,"column":14}}]},"1":{"loc":{"start":{"line":14,"column":5},"end":{"line":14,"column":24}},"type":"binary-expr","locations":[{"start":{"line":14,"column":5},"end":{"line":14,"column":24}},{"start":{"line":14,"column":28},"end":{"line":14,"column":49}}]},"2":{"loc":{"start":{"line":20,"column":52},"end":{"line":20,"column":56}},"type":"default-arg","locations":[{"start":{"line":20,"column":52},"end":{"line":20,"column":56}}]},"3":{"loc":{"start":{"line":31,"column":4},"end":{"line":35,"column":null}},"type":"if","locations":[{"start":{"line":31,"column":4},"end":{"line":35,"column":null}},{"start":{"line":31,"column":4},"end":{"line":35,"column":null}}]},"4":{"loc":{"start":{"line":31,"column":7},"end":{"line":31,"column":16}},"type":"binary-expr","locations":[{"start":{"line":31,"column":7},"end":{"line":31,"column":16}},{"start":{"line":31,"column":20},"end":{"line":31,"column":35}}]}},"s":{"0":6,"1":6,"2":6,"3":6,"4":36,"5":6,"6":12,"7":12,"8":12,"9":8,"10":4,"11":6},"f":{"0":36,"1":12},"b":{"0":[13,23],"1":[36,27],"2":[5],"3":[8,4],"4":[12,10]}}
,"/Users/mweaver/code/custom-auth-key-generator/src/env/getEnv.ts": {"path":"/Users/mweaver/code/custom-auth-key-generator/src/env/getEnv.ts","statementMap":{"0":{"start":{"line":1,"column":0},"end":{"line":1,"column":48}},"1":{"start":{"line":5,"column":22},"end":{"line":5,"column":82}},"2":{"start":{"line":5,"column":48},"end":{"line":5,"column":82}},"3":{"start":{"line":5,"column":13},"end":{"line":5,"column":22}}},"fnMap":{"0":{"name":"(anonymous_0)","decl":{"start":{"line":5,"column":22},"end":{"line":5,"column":23}},"loc":{"start":{"line":5,"column":48},"end":{"line":5,"column":82}}}},"branchMap":{"0":{"loc":{"start":{"line":5,"column":34},"end":{"line":5,"column":38}},"type":"default-arg","locations":[{"start":{"line":5,"column":34},"end":{"line":5,"column":38}}]}},"s":{"0":4,"1":4,"2":6,"3":4},"f":{"0":6},"b":{"0":[5]}}
,"/Users/mweaver/code/custom-auth-key-generator/src/env/index.ts": {"path":"/Users/mweaver/code/custom-auth-key-generator/src/env/index.ts","statementMap":{"0":{"start":{"line":1,"column":0},"end":{"line":1,"column":14}},"1":{"start":{"line":5,"column":4},"end":{"line":1,"column":39}}},"fnMap":{"0":{"name":"(anonymous_0)","decl":{"start":{"line":5,"column":4},"end":{"line":5,"column":10}},"loc":{"start":{"line":5,"column":4},"end":{"line":1,"column":39}}}},"branchMap":{},"s":{"0":3,"1":6},"f":{"0":3},"b":{}}
,"/Users/mweaver/code/custom-auth-key-generator/src/generateAuthKey/generateAuthKey.ts": {"path":"/Users/mweaver/code/custom-auth-key-generator/src/generateAuthKey/generateAuthKey.ts","statementMap":{"0":{"start":{"line":1,"column":0},"end":{"line":1,"column":33}},"1":{"start":{"line":9,"column":38},"end":{"line":10,"column":null}},"2":{"start":{"line":9,"column":54},"end":{"line":10,"column":null}},"3":{"start":{"line":9,"column":64},"end":{"line":10,"column":null}},"4":{"start":{"line":9,"column":13},"end":{"line":9,"column":38}},"5":{"start":{"line":17,"column":38},"end":{"line":22,"column":43}},"6":{"start":{"line":20,"column":5},"end":{"line":22,"column":43}},"7":{"start":{"line":22,"column":5},"end":{"line":22,"column":43}},"8":{"start":{"line":17,"column":13},"end":{"line":17,"column":38}},"9":{"start":{"line":24,"column":31},"end":{"line":32,"column":1}},"10":{"start":{"line":30,"column":17},"end":{"line":30,"column":45}},"11":{"start":{"line":31,"column":4},"end":{"line":31,"column":53}},"12":{"start":{"line":24,"column":13},"end":{"line":24,"column":31}}},"fnMap":{"0":{"name":"(anonymous_1)","decl":{"start":{"line":9,"column":38},"end":{"line":9,"column":39}},"loc":{"start":{"line":9,"column":54},"end":{"line":10,"column":null}}},"1":{"name":"(anonymous_2)","decl":{"start":{"line":9,"column":54},"end":{"line":9,"column":55}},"loc":{"start":{"line":9,"column":64},"end":{"line":10,"column":null}}},"2":{"name":"(anonymous_3)","decl":{"start":{"line":17,"column":38},"end":{"line":17,"column":null}},"loc":{"start":{"line":20,"column":5},"end":{"line":22,"column":43}}},"3":{"name":"(anonymous_4)","decl":{"start":{"line":20,"column":5},"end":{"line":20,"column":null}},"loc":{"start":{"line":22,"column":5},"end":{"line":22,"column":43}}},"4":{"name":"(anonymous_5)","decl":{"start":{"line":24,"column":31},"end":{"line":24,"column":32}},"loc":{"start":{"line":29,"column":26},"end":{"line":32,"column":1}}}},"branchMap":{},"s":{"0":2,"1":2,"2":2,"3":2,"4":2,"5":2,"6":2,"7":2,"8":2,"9":2,"10":2,"11":2,"12":2},"f":{"0":2,"1":2,"2":2,"3":2,"4":2},"b":{}}
,"/Users/mweaver/code/custom-auth-key-generator/src/generateAuthKey/index.ts": {"path":"/Users/mweaver/code/custom-auth-key-generator/src/generateAuthKey/index.ts","statementMap":{"0":{"start":{"line":1,"column":0},"end":{"line":1,"column":9}},"1":{"start":{"line":3,"column":9},"end":{"line":1,"column":52}}},"fnMap":{"0":{"name":"(anonymous_0)","decl":{"start":{"line":3,"column":9},"end":{"line":3,"column":24}},"loc":{"start":{"line":3,"column":9},"end":{"line":1,"column":52}}}},"branchMap":{},"s":{"0":1,"1":2},"f":{"0":1},"b":{}}
,"/Users/mweaver/code/custom-auth-key-generator/src/parseArgs/index.ts": {"path":"/Users/mweaver/code/custom-auth-key-generator/src/parseArgs/index.ts","statementMap":{"0":{"start":{"line":1,"column":0},"end":{"line":1,"column":15}},"1":{"start":{"line":3,"column":15},"end":{"line":1,"column":25}},"2":{"start":{"line":3,"column":25},"end":{"line":1,"column":56}}},"fnMap":{"0":{"name":"(anonymous_0)","decl":{"start":{"line":3,"column":15},"end":{"line":3,"column":23}},"loc":{"start":{"line":3,"column":15},"end":{"line":1,"column":25}}},"1":{"name":"(anonymous_1)","decl":{"start":{"line":3,"column":25},"end":{"line":3,"column":34}},"loc":{"start":{"line":3,"column":25},"end":{"line":1,"column":56}}}},"branchMap":{},"s":{"0":6,"1":60,"2":6},"f":{"0":54,"1":0},"b":{}}
,"/Users/mweaver/code/custom-auth-key-generator/src/parseArgs/parseArgs.ts": {"path":"/Users/mweaver/code/custom-auth-key-generator/src/parseArgs/parseArgs.ts","statementMap":{"0":{"start":{"line":1,"column":0},"end":{"line":1,"column":29}},"1":{"start":{"line":3,"column":0},"end":{"line":3,"column":null}},"2":{"start":{"line":4,"column":4},"end":{"line":4,"column":null}},"3":{"start":{"line":5,"column":4},"end":{"line":5,"column":null}},"4":{"start":{"line":6,"column":4},"end":{"line":6,"column":null}},"5":{"start":{"line":7,"column":4},"end":{"line":7,"column":null}},"6":{"start":{"line":8,"column":4},"end":{"line":8,"column":null}},"7":{"start":{"line":24,"column":36},"end":{"line":32,"column":2}},"8":{"start":{"line":26,"column":6},"end":{"line":32,"column":2}},"9":{"start":{"line":24,"column":13},"end":{"line":24,"column":36}}},"fnMap":{"0":{"name":"(anonymous_0)","decl":{"start":{"line":3,"column":0},"end":{"line":3,"column":12}},"loc":{"start":{"line":3,"column":20},"end":{"line":9,"column":1}}},"1":{"name":"(anonymous_1)","decl":{"start":{"line":24,"column":36},"end":{"line":24,"column":null}},"loc":{"start":{"line":26,"column":6},"end":{"line":32,"column":2}}}},"branchMap":{"0":{"loc":{"start":{"line":3,"column":12},"end":{"line":3,"column":20}},"type":"binary-expr","locations":[{"start":{"line":3,"column":12},"end":{"line":3,"column":20}},{"start":{"line":3,"column":12},"end":{"line":3,"column":null}}]}},"s":{"0":7,"1":7,"2":7,"3":7,"4":7,"5":7,"6":7,"7":7,"8":1,"9":7},"f":{"0":7,"1":1},"b":{"0":[7,7]}}
,"/Users/mweaver/code/custom-auth-key-generator/src/processArgs/index.ts": {"path":"/Users/mweaver/code/custom-auth-key-generator/src/processArgs/index.ts","statementMap":{"0":{"start":{"line":1,"column":0},"end":{"line":1,"column":23}},"1":{"start":{"line":3,"column":23},"end":{"line":1,"column":58}}},"fnMap":{"0":{"name":"(anonymous_0)","decl":{"start":{"line":3,"column":23},"end":{"line":3,"column":34}},"loc":{"start":{"line":3,"column":23},"end":{"line":1,"column":58}}}},"branchMap":{},"s":{"0":1,"1":2},"f":{"0":1},"b":{}}
,"/Users/mweaver/code/custom-auth-key-generator/src/processArgs/processArgs.ts": {"path":"/Users/mweaver/code/custom-auth-key-generator/src/processArgs/processArgs.ts","statementMap":{"0":{"start":{"line":1,"column":0},"end":{"line":1,"column":53}},"1":{"start":{"line":3,"column":0},"end":{"line":3,"column":32}},"2":{"start":{"line":4,"column":0},"end":{"line":4,"column":46}},"3":{"start":{"line":5,"column":0},"end":{"line":5,"column":51}},"4":{"start":{"line":19,"column":23},"end":{"line":23,"column":27}},"5":{"start":{"line":21,"column":5},"end":{"line":23,"column":27}},"6":{"start":{"line":23,"column":5},"end":{"line":23,"column":27}},"7":{"start":{"line":25,"column":28},"end":{"line":28,"column":null}},"8":{"start":{"line":27,"column":5},"end":{"line":28,"column":null}},"9":{"start":{"line":34,"column":21},"end":{"line":39,"column":2}},"10":{"start":{"line":41,"column":13},"end":{"line":45,"column":3}},"11":{"start":{"line":47,"column":13},"end":{"line":47,"column":75}},"12":{"start":{"line":49,"column":13},"end":{"line":49,"column":66}},"13":{"start":{"line":51,"column":13},"end":{"line":51,"column":65}},"14":{"start":{"line":53,"column":17},"end":{"line":59,"column":1}},"15":{"start":{"line":53,"column":33},"end":{"line":59,"column":1}},"16":{"start":{"line":54,"column":23},"end":{"line":54,"column":41}},"17":{"start":{"line":55,"column":4},"end":{"line":58,"column":20}},"18":{"start":{"line":61,"column":45},"end":{"line":64,"column":null}},"19":{"start":{"line":61,"column":76},"end":{"line":64,"column":null}},"20":{"start":{"line":61,"column":13},"end":{"line":61,"column":45}},"21":{"start":{"line":67,"column":62},"end":{"line":74,"column":1}},"22":{"start":{"line":68,"column":4},"end":{"line":73,"column":null}},"23":{"start":{"line":69,"column":8},"end":{"line":69,"column":36}},"24":{"start":{"line":71,"column":23},"end":{"line":71,"column":58}},"25":{"start":{"line":72,"column":8},"end":{"line":72,"column":70}},"26":{"start":{"line":67,"column":13},"end":{"line":67,"column":62}},"27":{"start":{"line":77,"column":40},"end":{"line":105,"column":1}},"28":{"start":{"line":87,"column":4},"end":{"line":94,"column":null}},"29":{"start":{"line":88,"column":23},"end":{"line":88,"column":64}},"30":{"start":{"line":89,"column":36},"end":{"line":91,"column":null}},"31":{"start":{"line":93,"column":8},"end":{"line":93,"column":86}},"32":{"start":{"line":95,"column":4},"end":{"line":104,"column":null}},"33":{"start":{"line":96,"column":8},"end":{"line":96,"column":68}},"34":{"start":{"line":98,"column":20},"end":{"line":98,"column":28}},"35":{"start":{"line":99,"column":25},"end":{"line":101,"column":null}},"36":{"start":{"line":103,"column":8},"end":{"line":103,"column":75}},"37":{"start":{"line":77,"column":13},"end":{"line":77,"column":40}}},"fnMap":{"0":{"name":"(anonymous_0)","decl":{"start":{"line":19,"column":23},"end":{"line":19,"column":null}},"loc":{"start":{"line":21,"column":5},"end":{"line":23,"column":27}}},"1":{"name":"(anonymous_1)","decl":{"start":{"line":21,"column":5},"end":{"line":21,"column":null}},"loc":{"start":{"line":23,"column":5},"end":{"line":23,"column":27}}},"2":{"name":"(anonymous_2)","decl":{"start":{"line":25,"column":28},"end":{"line":25,"column":null}},"loc":{"start":{"line":27,"column":5},"end":{"line":28,"column":null}}},"3":{"name":"(anonymous_3)","decl":{"start":{"line":53,"column":17},"end":{"line":53,"column":18}},"loc":{"start":{"line":53,"column":33},"end":{"line":59,"column":1}}},"4":{"name":"(anonymous_4)","decl":{"start":{"line":53,"column":33},"end":{"line":53,"column":34}},"loc":{"start":{"line":53,"column":96},"end":{"line":59,"column":1}}},"5":{"name":"(anonymous_5)","decl":{"start":{"line":61,"column":45},"end":{"line":61,"column":46}},"loc":{"start":{"line":61,"column":76},"end":{"line":64,"column":null}}},"6":{"name":"(anonymous_6)","decl":{"start":{"line":67,"column":62},"end":{"line":67,"column":63}},"loc":{"start":{"line":67,"column":91},"end":{"line":74,"column":1}}},"7":{"name":"(anonymous_7)","decl":{"start":{"line":77,"column":40},"end":{"line":77,"column":null}},"loc":{"start":{"line":79,"column":4},"end":{"line":105,"column":1}}}},"branchMap":{"0":{"loc":{"start":{"line":55,"column":68},"end":{"line":58,"column":6}},"type":"cond-expr","locations":[{"start":{"line":55,"column":68},"end":{"line":58,"column":6}},{"start":{"line":58,"column":8},"end":{"line":58,"column":19}}]},"1":{"loc":{"start":{"line":55,"column":11},"end":{"line":55,"column":35}},"type":"binary-expr","locations":[{"start":{"line":55,"column":11},"end":{"line":55,"column":35}},{"start":{"line":55,"column":39},"end":{"line":55,"column":65}}]},"2":{"loc":{"start":{"line":68,"column":4},"end":{"line":73,"column":null}},"type":"if","locations":[{"start":{"line":68,"column":4},"end":{"line":73,"column":null}},{"start":{"line":68,"column":4},"end":{"line":73,"column":null}}]},"3":{"loc":{"start":{"line":87,"column":4},"end":{"line":94,"column":null}},"type":"if","locations":[{"start":{"line":87,"column":4},"end":{"line":94,"column":null}},{"start":{"line":87,"column":4},"end":{"line":94,"column":null}}]},"4":{"loc":{"start":{"line":95,"column":4},"end":{"line":104,"column":null}},"type":"if","locations":[{"start":{"line":95,"column":4},"end":{"line":104,"column":null}},{"start":{"line":95,"column":4},"end":{"line":104,"column":null}}]}},"s":{"0":2,"1":2,"2":2,"3":2,"4":2,"5":18,"6":28,"7":2,"8":8,"9":2,"10":2,"11":2,"12":2,"13":2,"14":2,"15":4,"16":16,"17":16,"18":2,"19":4,"20":2,"21":2,"22":4,"23":2,"24":2,"25":2,"26":2,"27":2,"28":2,"29":0,"30":0,"31":0,"32":2,"33":0,"34":2,"35":2,"36":2,"37":2},"f":{"0":18,"1":28,"2":8,"3":4,"4":16,"5":4,"6":4,"7":2},"b":{"0":[7,9],"1":[16,9],"2":[2,2],"3":[0,2],"4":[0,2]}}
,"/Users/mweaver/code/custom-auth-key-generator/src/readConfigFile/index.ts": {"path":"/Users/mweaver/code/custom-auth-key-generator/src/readConfigFile/index.ts","statementMap":{"0":{"start":{"line":1,"column":0},"end":{"line":1,"column":9}},"1":{"start":{"line":3,"column":9},"end":{"line":1,"column":50}}},"fnMap":{"0":{"name":"(anonymous_0)","decl":{"start":{"line":3,"column":9},"end":{"line":3,"column":23}},"loc":{"start":{"line":3,"column":9},"end":{"line":1,"column":50}}}},"branchMap":{},"s":{"0":2,"1":2},"f":{"0":0},"b":{}}
,"/Users/mweaver/code/custom-auth-key-generator/src/readConfigFile/readConfigFile.ts": {"path":"/Users/mweaver/code/custom-auth-key-generator/src/readConfigFile/readConfigFile.ts","statementMap":{"0":{"start":{"line":1,"column":0},"end":{"line":1,"column":34}},"1":{"start":{"line":2,"column":0},"end":{"line":2,"column":27}},"2":{"start":{"line":3,"column":0},"end":{"line":3,"column":44}},"3":{"start":{"line":5,"column":0},"end":{"line":5,"column":48}},"4":{"start":{"line":11,"column":13},"end":{"line":18,"column":2}}},"fnMap":{},"branchMap":{},"s":{"0":3,"1":3,"2":3,"3":3,"4":3},"f":{},"b":{}}
,"/Users/mweaver/code/custom-auth-key-generator/src/util/camelToUpperSnake.ts": {"path":"/Users/mweaver/code/custom-auth-key-generator/src/util/camelToUpperSnake.ts","statementMap":{"0":{"start":{"line":1,"column":0},"end":{"line":1,"column":50}},"1":{"start":{"line":7,"column":13},"end":{"line":10,"column":2}}},"fnMap":{},"branchMap":{},"s":{"0":7,"1":7},"f":{},"b":{}}
,"/Users/mweaver/code/custom-auth-key-generator/src/util/index.ts": {"path":"/Users/mweaver/code/custom-auth-key-generator/src/util/index.ts","statementMap":{"0":{"start":{"line":1,"column":0},"end":{"line":1,"column":9}},"1":{"start":{"line":3,"column":9},"end":{"line":1,"column":56}}},"fnMap":{"0":{"name":"(anonymous_0)","decl":{"start":{"line":3,"column":9},"end":{"line":3,"column":26}},"loc":{"start":{"line":3,"column":9},"end":{"line":1,"column":56}}}},"branchMap":{},"s":{"0":6,"1":55},"f":{"0":49},"b":{}}
}
