TN:
SF:src/index.ts
FNF:0
FNH:0
DA:3,1
DA:4,1
DA:5,1
DA:6,1
DA:8,1
DA:9,1
DA:10,1
DA:16,1
DA:21,1
DA:23,0
DA:24,0
DA:32,0
LF:12
LH:9
BRDA:21,0,0,0
BRDA:21,0,1,1
BRF:2
BRH:1
end_of_record
TN:
SF:src/config/index.ts
FN:5,(anonymous_0)
FNF:1
FNH:1
FNDA:9,(anonymous_0)
DA:1,5
DA:5,14
LF:2
LH:2
BRF:0
BRH:0
end_of_record
TN:
SF:src/config/parseConfig.ts
FN:13,(anonymous_0)
FN:20,(anonymous_1)
FNF:2
FNH:2
FNDA:36,(anonymous_0)
FNDA:12,(anonymous_1)
DA:1,6
DA:3,6
DA:4,6
DA:13,6
DA:14,36
DA:20,6
DA:21,12
DA:27,12
DA:31,12
DA:32,8
DA:34,4
LF:11
LH:11
BRDA:14,0,0,13
BRDA:14,0,1,23
BRDA:14,1,0,36
BRDA:14,1,1,27
BRDA:20,2,0,5
BRDA:31,3,0,8
BRDA:31,3,1,4
BRDA:31,4,0,12
BRDA:31,4,1,10
BRF:9
BRH:9
end_of_record
TN:
SF:src/env/getEnv.ts
FN:5,(anonymous_0)
FNF:1
FNH:1
FNDA:6,(anonymous_0)
DA:1,4
DA:5,6
LF:2
LH:2
BRDA:5,0,0,5
BRF:1
BRH:1
end_of_record
TN:
SF:src/env/index.ts
FN:5,(anonymous_0)
FNF:1
FNH:1
FNDA:3,(anonymous_0)
DA:1,3
DA:5,6
LF:2
LH:2
BRF:0
BRH:0
end_of_record
TN:
SF:src/generateAuthKey/generateAuthKey.ts
FN:9,(anonymous_1)
FN:9,(anonymous_2)
FN:17,(anonymous_3)
FN:20,(anonymous_4)
FN:24,(anonymous_5)
FNF:5
FNH:5
FNDA:2,(anonymous_1)
FNDA:2,(anonymous_2)
FNDA:2,(anonymous_3)
FNDA:2,(anonymous_4)
FNDA:2,(anonymous_5)
DA:1,2
DA:9,2
DA:17,2
DA:20,2
DA:22,2
DA:24,2
DA:30,2
DA:31,2
LF:8
LH:8
BRF:0
BRH:0
end_of_record
TN:
SF:src/generateAuthKey/index.ts
FN:3,(anonymous_0)
FNF:1
FNH:1
FNDA:1,(anonymous_0)
DA:1,1
DA:3,2
LF:2
LH:2
BRF:0
BRH:0
end_of_record
TN:
SF:src/parseArgs/index.ts
FN:3,(anonymous_0)
FN:3,(anonymous_1)
FNF:2
FNH:1
FNDA:54,(anonymous_0)
FNDA:0,(anonymous_1)
DA:1,6
DA:3,60
LF:2
LH:2
BRF:0
BRH:0
end_of_record
TN:
SF:src/parseArgs/parseArgs.ts
FN:3,(anonymous_0)
FN:24,(anonymous_1)
FNF:2
FNH:2
FNDA:7,(anonymous_0)
FNDA:1,(anonymous_1)
DA:1,7
DA:3,7
DA:4,7
DA:5,7
DA:6,7
DA:7,7
DA:8,7
DA:24,7
DA:26,1
LF:9
LH:9
BRDA:3,0,0,7
BRDA:3,0,1,7
BRF:2
BRH:2
end_of_record
TN:
SF:src/processArgs/index.ts
FN:3,(anonymous_0)
FNF:1
FNH:1
FNDA:1,(anonymous_0)
DA:1,1
DA:3,2
LF:2
LH:2
BRF:0
BRH:0
end_of_record
TN:
SF:src/processArgs/processArgs.ts
FN:19,(anonymous_0)
FN:21,(anonymous_1)
FN:25,(anonymous_2)
FN:53,(anonymous_3)
FN:53,(anonymous_4)
FN:61,(anonymous_5)
FN:67,(anonymous_6)
FN:77,(anonymous_7)
FNF:8
FNH:8
FNDA:18,(anonymous_0)
FNDA:28,(anonymous_1)
FNDA:8,(anonymous_2)
FNDA:4,(anonymous_3)
FNDA:16,(anonymous_4)
FNDA:4,(anonymous_5)
FNDA:4,(anonymous_6)
FNDA:2,(anonymous_7)
DA:1,2
DA:3,2
DA:4,2
DA:5,2
DA:19,2
DA:21,18
DA:23,28
DA:25,2
DA:27,8
DA:34,2
DA:41,2
DA:47,2
DA:49,2
DA:51,2
DA:53,4
DA:54,16
DA:55,16
DA:61,4
DA:67,2
DA:68,4
DA:69,2
DA:71,2
DA:72,2
DA:77,2
DA:87,2
DA:88,0
DA:89,0
DA:93,0
DA:95,2
DA:96,0
DA:98,2
DA:99,2
DA:103,2
LF:33
LH:29
BRDA:55,0,0,7
BRDA:55,0,1,9
BRDA:55,1,0,16
BRDA:55,1,1,9
BRDA:68,2,0,2
BRDA:68,2,1,2
BRDA:87,3,0,0
BRDA:87,3,1,2
BRDA:95,4,0,0
BRDA:95,4,1,2
BRF:10
BRH:8
end_of_record
TN:
SF:src/readConfigFile/index.ts
FN:3,(anonymous_0)
FNF:1
FNH:0
FNDA:0,(anonymous_0)
DA:1,2
DA:3,2
LF:2
LH:2
BRF:0
BRH:0
end_of_record
TN:
SF:src/readConfigFile/readConfigFile.ts
FNF:0
FNH:0
DA:1,3
DA:2,3
DA:3,3
DA:5,3
DA:11,3
LF:5
LH:5
BRF:0
BRH:0
end_of_record
TN:
SF:src/util/camelToUpperSnake.ts
FNF:0
FNH:0
DA:1,7
DA:7,7
LF:2
LH:2
BRF:0
BRH:0
end_of_record
TN:
SF:src/util/index.ts
FN:3,(anonymous_0)
FNF:1
FNH:1
FNDA:49,(anonymous_0)
DA:1,6
DA:3,55
LF:2
LH:2
BRF:0
BRH:0
end_of_record
